This is pdfTeX, Version 3.14159265-2.6-1.40.18 (MiKTeX 2.9.6500 64-bit) (preloaded format=pdflatex 2017.12.24)  15 SEP 2018 12:07
entering extended mode
**./finalThesis2018.tex
(finalThesis2018.tex
LaTeX2e <2017-04-15>
Babel <3.15> and hyphenation patterns for 75 language(s) loaded.

("C:\Users\jagad\AppData\Local\Programs\MiKTeX 2.9\tex\latex\amsmath\amsmath.st
y"
Package: amsmath 2017/09/02 v2.17a AMS math features
\@mathmargin=\skip41

For additional information on amsmath, use the `?' option.

("C:\Users\jagad\AppData\Local\Programs\MiKTeX 2.9\tex\latex\amsmath\amstext.st
y"
Package: amstext 2000/06/29 v2.01 AMS text

("C:\Users\jagad\AppData\Local\Programs\MiKTeX 2.9\tex\latex\amsmath\amsgen.sty
"
File: amsgen.sty 1999/11/30 v2.0 generic functions
\@emptytoks=\toks14
\ex@=\dimen102
))
("C:\Users\jagad\AppData\Local\Programs\MiKTeX 2.9\tex\latex\amsmath\amsbsy.sty
"
Package: amsbsy 1999/11/29 v1.2d Bold Symbols
\pmbraise@=\dimen103
)
("C:\Users\jagad\AppData\Local\Programs\MiKTeX 2.9\tex\latex\amsmath\amsopn.sty
"
Package: amsopn 2016/03/08 v2.02 operator names
)
\inf@bad=\count79
LaTeX Info: Redefining \frac on input line 213.
\uproot@=\count80
\leftroot@=\count81
LaTeX Info: Redefining \overline on input line 375.
\classnum@=\count82
\DOTSCASE@=\count83
LaTeX Info: Redefining \ldots on input line 472.
LaTeX Info: Redefining \dots on input line 475.
LaTeX Info: Redefining \cdots on input line 596.
\Mathstrutbox@=\box26
\strutbox@=\box27
\big@size=\dimen104
LaTeX Font Info:    Redeclaring font encoding OML on input line 712.
LaTeX Font Info:    Redeclaring font encoding OMS on input line 713.
\macc@depth=\count84
\c@MaxMatrixCols=\count85
\dotsspace@=\muskip10
\c@parentequation=\count86
\dspbrk@lvl=\count87
\tag@help=\toks15
\row@=\count88
\column@=\count89
\maxfields@=\count90
\andhelp@=\toks16
\eqnshift@=\dimen105
\alignsep@=\dimen106
\tagshift@=\dimen107
\tagwidth@=\dimen108
\totwidth@=\dimen109
\lineht@=\dimen110
\@envbody=\toks17
\multlinegap=\skip42
\multlinetaggap=\skip43
\mathdisplay@stack=\toks18
LaTeX Info: Redefining \[ on input line 2817.
LaTeX Info: Redefining \] on input line 2818.
) ("C:\Users\jagad\AppData\Local\Programs\MiKTeX 2.9\tex\latex\base\fix-cm.sty"
Package: fix-cm 2015/01/14 v1.1t fixes to LaTeX
 ("C:\Users\jagad\AppData\Local\Programs\MiKTeX 2.9\tex\latex\base\ts1enc.def"
File: ts1enc.def 2001/06/05 v3.0e (jk/car/fm) Standard LaTeX file
)) (iitthesis.cls
Document Class `IIT_THESIS' <May 2003>.
Document Class: iitthesis 2003/05/30,Illinois Institute of Technology Thesis Cl
ass
(font12.clo)
\c@chapter=\count91
\c@section=\count92
\c@subsection=\count93
\c@subsubsection=\count94
\c@appendix=\count95
\c@figure=\count96
\c@table=\count97
\captionindent=\skip44
)
("C:\Users\jagad\AppData\Local\Programs\MiKTeX 2.9\tex\latex\graphics\graphicx.
sty"
Package: graphicx 2017/06/01 v1.1a Enhanced LaTeX Graphics (DPC,SPQR)

("C:\Users\jagad\AppData\Local\Programs\MiKTeX 2.9\tex\latex\graphics\keyval.st
y"
Package: keyval 2014/10/28 v1.15 key=value parser (DPC)
\KV@toks@=\toks19
)
("C:\Users\jagad\AppData\Local\Programs\MiKTeX 2.9\tex\latex\graphics\graphics.
sty"
Package: graphics 2017/06/25 v1.2c Standard LaTeX Graphics (DPC,SPQR)

("C:\Users\jagad\AppData\Local\Programs\MiKTeX 2.9\tex\latex\graphics\trig.sty"
Package: trig 2016/01/03 v1.10 sin cos tan (DPC)
)
("C:\Users\jagad\AppData\Local\Programs\MiKTeX 2.9\tex\latex\graphics-cfg\graph
ics.cfg"
File: graphics.cfg 2016/06/04 v1.11 sample graphics configuration
)
Package graphics Info: Driver file: pdftex.def on input line 99.

("C:\Users\jagad\AppData\Local\Programs\MiKTeX 2.9\tex\latex\graphics-def\pdfte
x.def"
File: pdftex.def 2017/12/07 v1.0i Graphics/color driver for pdftex
))
\Gin@req@height=\dimen111
\Gin@req@width=\dimen112
)
("C:\Users\jagad\AppData\Local\Programs\MiKTeX 2.9\tex\latex\amsfonts\amssymb.s
ty"
Package: amssymb 2013/01/14 v3.01 AMS font symbols

("C:\Users\jagad\AppData\Local\Programs\MiKTeX 2.9\tex\latex\amsfonts\amsfonts.
sty"
Package: amsfonts 2013/01/14 v3.01 Basic AMSFonts support
\symAMSa=\mathgroup4
\symAMSb=\mathgroup5
LaTeX Font Info:    Overwriting math alphabet `\mathfrak' in version `bold'
(Font)                  U/euf/m/n --> U/euf/b/n on input line 106.
))
("C:\Users\jagad\AppData\Local\Programs\MiKTeX 2.9\tex\latex\tabu\tabu.sty"
Package: tabu 2011/02/26 v2.8 - flexible LaTeX tabulars (FC)

("C:\Users\jagad\AppData\Local\Programs\MiKTeX 2.9\tex\latex\tools\array.sty"
Package: array 2016/10/06 v2.4d Tabular extension package (FMi)
\col@sep=\dimen113
\extrarowheight=\dimen114
\NC@list=\toks20
\extratabsurround=\skip45
\backup@length=\skip46
)
("C:\Users\jagad\AppData\Local\Programs\MiKTeX 2.9\tex\latex\ltxmisc\varwidth.s
ty"
Package: varwidth 2009/03/30 ver 0.92;  Variable-width minipages
\@vwid@box=\box28
\sift@deathcycles=\count98
\@vwid@loff=\dimen115
\@vwid@roff=\dimen116
)
\c@taburow=\count99
\tabu@nbcols=\count100
\tabu@cnt=\count101
\tabu@Xcol=\count102
\tabu@alloc=\count103
\tabu@nested=\count104
\tabu@target=\dimen117
\tabu@spreadtarget=\dimen118
\tabu@naturalX=\dimen119
\tabucolX=\dimen120
\tabu@Xsum=\dimen121
\extrarowdepth=\dimen122
\abovetabulinesep=\dimen123
\belowtabulinesep=\dimen124
\tabustrutrule=\dimen125
\tabu@thebody=\toks21
\tabu@footnotes=\toks22
\tabu@box=\box29
\tabu@arstrutbox=\box30
\tabu@hleads=\box31
\tabu@vleads=\box32
\tabu@cellskip=\skip47
)
("C:\Users\jagad\AppData\Local\Programs\MiKTeX 2.9\tex\latex\cancel\cancel.sty"
Package: cancel 2013/04/12 v2.2 Cancel math terms
)
("C:\Users\jagad\AppData\Local\Programs\MiKTeX 2.9\tex\latex\algorithms\algorit
hm.sty"
Package: algorithm 2009/08/24 v0.1 Document Style `algorithm' - floating enviro
nment

("C:\Users\jagad\AppData\Local\Programs\MiKTeX 2.9\tex\latex\float\float.sty"
Package: float 2001/11/08 v1.3d Float enhancements (AL)
\c@float@type=\count105
\float@exts=\toks23
\float@box=\box33
\@float@everytoks=\toks24
\@floatcapt=\box34
)
("C:\Users\jagad\AppData\Local\Programs\MiKTeX 2.9\tex\latex\base\ifthen.sty"
Package: ifthen 2014/09/29 v1.1c Standard LaTeX ifthen package (DPC)
)
\@float@every@algorithm=\toks25
\c@algorithm=\count106
)
("C:\Users\jagad\AppData\Local\Programs\MiKTeX 2.9\tex\latex\algorithmicx\algor
ithmicx.sty"
Package: algorithmicx 2005/04/27 v1.2 Algorithmicx

Document Style algorithmicx 1.2 - a greatly improved `algorithmic' style
\c@ALG@line=\count107
\c@ALG@rem=\count108
\c@ALG@nested=\count109
\ALG@tlm=\skip48
\ALG@thistlm=\skip49
\c@ALG@Lnr=\count110
\c@ALG@blocknr=\count111
\c@ALG@storecount=\count112
\c@ALG@tmpcounter=\count113
\ALG@tmplength=\skip50
)
("C:\Users\jagad\AppData\Local\Programs\MiKTeX 2.9\tex\latex\algorithmicx\algps
eudocode.sty"
Package: algpseudocode 

Document Style - pseudocode environments for use with the `algorithmicx' style
)
("C:\Users\jagad\AppData\Local\Programs\MiKTeX 2.9\tex\latex\caption\subcaption
.sty"
Package: subcaption 2016/05/22 v1.1-161 Sub-captions (AR)

("C:\Users\jagad\AppData\Local\Programs\MiKTeX 2.9\tex\latex\caption\caption.st
y"
Package: caption 2016/02/21 v3.3-144 Customizing captions (AR)

("C:\Users\jagad\AppData\Local\Programs\MiKTeX 2.9\tex\latex\caption\caption3.s
ty"
Package: caption3 2016/05/22 v1.7-166 caption3 kernel (AR)
Package caption3 Info: TeX engine: e-TeX on input line 67.
\captionmargin=\dimen126
\captionmargin@=\dimen127
\captionwidth=\dimen128
\caption@tempdima=\dimen129
\caption@indent=\dimen130
\caption@parindent=\dimen131
\caption@hangindent=\dimen132
\abovecaptionskip=\skip51
\belowcaptionskip=\skip52
Package caption Info: Unknown document class (or package),
(caption)             standard defaults will be used.
)

Package caption Warning: Unsupported document class (or package) detected,
(caption)                usage of the caption package is not recommended.
See the caption package documentation for explanation.

Package caption Info: \@makecaption = \long macro:#1#2->\vskip 10pt \setbox \@t
empboxa \hbox {#1. #2}\ifdim \wd \@tempboxa >\hsize \ssp \hangindent \captionin
dent \noindent #1. #2\par \vspace {5pt} \else \hbox to\hsize {\hfil \box \@temp
boxa \hfil }\vspace {5pt} \fi .
\c@ContinuedFloat=\count114
Package caption Info: float package is loaded.
)
\c@subfigure=\count115
\c@subtable=\count116
)
("C:\Users\jagad\AppData\Local\Programs\MiKTeX 2.9\tex\latex\booktabs\booktabs.
sty"
Package: booktabs 2005/04/14 v1.61803 publication quality tables
\heavyrulewidth=\dimen133
\lightrulewidth=\dimen134
\cmidrulewidth=\dimen135
\belowrulesep=\dimen136
\belowbottomsep=\dimen137
\aboverulesep=\dimen138
\abovetopsep=\dimen139
\cmidrulesep=\dimen140
\cmidrulekern=\dimen141
\defaultaddspace=\dimen142
\@cmidla=\count117
\@cmidlb=\count118
\@aboverulesep=\dimen143
\@belowrulesep=\dimen144
\@thisruleclass=\count119
\@lastruleclass=\count120
\@thisrulewidth=\dimen145
)
("C:\Users\jagad\AppData\Local\Programs\MiKTeX 2.9\tex\latex\mathtools\mathtool
s.sty"
Package: mathtools 2017/10/30 v1.20 mathematical typesetting tools

("C:\Users\jagad\AppData\Local\Programs\MiKTeX 2.9\tex\latex\tools\calc.sty"
Package: calc 2014/10/28 v4.3 Infix arithmetic (KKT,FJ)
\calc@Acount=\count121
\calc@Bcount=\count122
\calc@Adimen=\dimen146
\calc@Bdimen=\dimen147
\calc@Askip=\skip53
\calc@Bskip=\skip54
LaTeX Info: Redefining \setlength on input line 80.
LaTeX Info: Redefining \addtolength on input line 81.
\calc@Ccount=\count123
\calc@Cskip=\skip55
)
("C:\Users\jagad\AppData\Local\Programs\MiKTeX 2.9\tex\latex\mathtools\mhsetup.
sty"
Package: mhsetup 2017/03/31 v1.3 programming setup (MH)
)
LaTeX Info: Thecontrolsequence`\('isalreadyrobust on input line 129.
LaTeX Info: Thecontrolsequence`\)'isalreadyrobust on input line 129.
LaTeX Info: Thecontrolsequence`\['isalreadyrobust on input line 129.
LaTeX Info: Thecontrolsequence`\]'isalreadyrobust on input line 129.
\g_MT_multlinerow_int=\count124
\l_MT_multwidth_dim=\dimen148
\origjot=\skip56
\l_MT_shortvdotswithinadjustabove_dim=\dimen149
\l_MT_shortvdotswithinadjustbelow_dim=\dimen150
\l_MT_above_intertext_sep=\dimen151
\l_MT_below_intertext_sep=\dimen152
\l_MT_above_shortintertext_sep=\dimen153
\l_MT_below_shortintertext_sep=\dimen154
)
("C:\Users\jagad\AppData\Local\Programs\MiKTeX 2.9\tex\latex\xcolor\xcolor.sty"
Package: xcolor 2016/05/11 v2.12 LaTeX color extensions (UK)

("C:\Users\jagad\AppData\Local\Programs\MiKTeX 2.9\tex\latex\graphics-cfg\color
.cfg"
File: color.cfg 2016/01/02 v1.6 sample color configuration
)
Package xcolor Info: Driver file: pdftex.def on input line 225.
Package xcolor Info: Model `cmy' substituted by `cmy0' on input line 1348.
Package xcolor Info: Model `hsb' substituted by `rgb' on input line 1352.
Package xcolor Info: Model `RGB' extended on input line 1364.
Package xcolor Info: Model `HTML' substituted by `rgb' on input line 1366.
Package xcolor Info: Model `Hsb' substituted by `hsb' on input line 1367.
Package xcolor Info: Model `tHsb' substituted by `hsb' on input line 1368.
Package xcolor Info: Model `HSB' substituted by `hsb' on input line 1369.
Package xcolor Info: Model `Gray' substituted by `gray' on input line 1370.
Package xcolor Info: Model `wave' substituted by `hsb' on input line 1371.

("C:\Users\jagad\AppData\Local\Programs\MiKTeX 2.9\tex\latex\graphics\dvipsnam.
def"
File: dvipsnam.def 2016/06/17 v3.0m Driver-dependent file (DPC,SPQR)
)) ("C:\Users\jagad\AppData\Local\Programs\MiKTeX 2.9\tex\latex\url\url.sty"
\Urlmuskip=\muskip11
Package: url 2013/09/16  ver 3.4  Verb mode for urls, etc.
)
\c@prop=\count125
\c@theorem=\count126
 (finalThesis2018.aux)
\openout1 = `finalThesis2018.aux'.

LaTeX Font Info:    Checking defaults for OML/cmm/m/it on input line 213.
LaTeX Font Info:    ... okay on input line 213.
LaTeX Font Info:    Checking defaults for T1/cmr/m/n on input line 213.
LaTeX Font Info:    ... okay on input line 213.
LaTeX Font Info:    Checking defaults for OT1/cmr/m/n on input line 213.
LaTeX Font Info:    ... okay on input line 213.
LaTeX Font Info:    Checking defaults for OMS/cmsy/m/n on input line 213.
LaTeX Font Info:    ... okay on input line 213.
LaTeX Font Info:    Checking defaults for OMX/cmex/m/n on input line 213.
LaTeX Font Info:    ... okay on input line 213.
LaTeX Font Info:    Checking defaults for U/cmr/m/n on input line 213.
LaTeX Font Info:    ... okay on input line 213.
LaTeX Font Info:    Checking defaults for TS1/cmr/m/n on input line 213.
LaTeX Font Info:    ... okay on input line 213.

("C:\Users\jagad\AppData\Local\Programs\MiKTeX 2.9\tex\context\base\supp-pdf.mk
ii"
[Loading MPS to PDF converter (version 2006.09.02).]
\scratchcounter=\count127
\scratchdimen=\dimen155
\scratchbox=\box35
\nofMPsegments=\count128
\nofMParguments=\count129
\everyMPshowfont=\toks26
\MPscratchCnt=\count130
\MPscratchDim=\dimen156
\MPnumerator=\count131
\makeMPintoPDFobject=\count132
\everyMPtoPDFconversion=\toks27
)
("C:\Users\jagad\AppData\Local\Programs\MiKTeX 2.9\tex\latex\oberdiek\epstopdf-
base.sty"
Package: epstopdf-base 2016/05/15 v2.6 Base part for package epstopdf

("C:\Users\jagad\AppData\Local\Programs\MiKTeX 2.9\tex\generic\oberdiek\infware
rr.sty"
Package: infwarerr 2016/05/16 v1.4 Providing info/warning/error messages (HO)
)
("C:\Users\jagad\AppData\Local\Programs\MiKTeX 2.9\tex\latex\oberdiek\grfext.st
y"
Package: grfext 2016/05/16 v1.2 Manage graphics extensions (HO)

("C:\Users\jagad\AppData\Local\Programs\MiKTeX 2.9\tex\generic\oberdiek\kvdefin
ekeys.sty"
Package: kvdefinekeys 2016/05/16 v1.4 Define keys (HO)

("C:\Users\jagad\AppData\Local\Programs\MiKTeX 2.9\tex\generic\oberdiek\ltxcmds
.sty"
Package: ltxcmds 2016/05/16 v1.23 LaTeX kernel commands for general use (HO)
)))
("C:\Users\jagad\AppData\Local\Programs\MiKTeX 2.9\tex\latex\oberdiek\kvoptions
.sty"
Package: kvoptions 2016/05/16 v3.12 Key value format for package options (HO)

("C:\Users\jagad\AppData\Local\Programs\MiKTeX 2.9\tex\generic\oberdiek\kvsetke
ys.sty"
Package: kvsetkeys 2016/05/16 v1.17 Key value parser (HO)

("C:\Users\jagad\AppData\Local\Programs\MiKTeX 2.9\tex\generic\oberdiek\etexcmd
s.sty"
Package: etexcmds 2016/05/16 v1.6 Avoid name clashes with e-TeX commands (HO)

("C:\Users\jagad\AppData\Local\Programs\MiKTeX 2.9\tex\generic\oberdiek\ifluate
x.sty"
Package: ifluatex 2016/05/16 v1.4 Provides the ifluatex switch (HO)
Package ifluatex Info: LuaTeX not detected.
)
Package etexcmds Info: Could not find \expanded.
(etexcmds)             That can mean that you are not using pdfTeX 1.50 or
(etexcmds)             that some package has redefined \expanded.
(etexcmds)             In the latter case, load this package earlier.
)))
("C:\Users\jagad\AppData\Local\Programs\MiKTeX 2.9\tex\generic\oberdiek\pdftexc
mds.sty"
Package: pdftexcmds 2017/03/19 v0.25 Utility functions of pdfTeX for LuaTeX (HO
)

("C:\Users\jagad\AppData\Local\Programs\MiKTeX 2.9\tex\generic\oberdiek\ifpdf.s
ty"
Package: ifpdf 2017/03/15 v3.2 Provides the ifpdf switch
)
Package pdftexcmds Info: LuaTeX not detected.
Package pdftexcmds Info: \pdf@primitive is available.
Package pdftexcmds Info: \pdf@ifprimitive is available.
Package pdftexcmds Info: \pdfdraftmode found.
)
Package epstopdf-base Info: Redefining graphics rule for `.eps' on input line 4
38.
Package grfext Info: Graphics extension search list:
(grfext)             [.pdf,.png,.jpg,.mps,.jpeg,.jbig2,.jb2,.PDF,.PNG,.JPG,.JPE
G,.JBIG2,.JB2,.eps]
(grfext)             \AppendGraphicsExtensions on input line 456.
)
Package caption Info: Begin \AtBeginDocument code.
Package caption Info: End \AtBeginDocument code.
 [1

{C:/Users/jagad/AppData/Local/MiKTeX/2.9/pdftex/config/pdftex.map}]
[2

] [3] (finalThesis2018.toc
LaTeX Font Info:    Try loading font information for U+msa on input line 1.

("C:\Users\jagad\AppData\Local\Programs\MiKTeX 2.9\tex\latex\amsfonts\umsa.fd"
File: umsa.fd 2013/01/14 v3.01 AMS symbols A
)
LaTeX Font Info:    Try loading font information for U+msb on input line 1.
("C:\Users\jagad\AppData\Local\Programs\MiKTeX 2.9\tex\latex\amsfonts\umsb.fd"
File: umsb.fd 2013/01/14 v3.01 AMS symbols B
) [4

])
\tf@toc=\write3
\openout3 = `finalThesis2018.toc'.

 [5] (finalThesis2018.lot)
\tf@lot=\write4
\openout4 = `finalThesis2018.lot'.

 [6

] (finalThesis2018.lof)
\tf@lof=\write5
\openout5 = `finalThesis2018.lof'.

 [7

] [8

]
Overfull \hbox (3.1806pt too wide) in paragraph at lines 290--293
\OT1/cmr/m/n/12 Cubature is the prob-lem of in-fer-ring a nu-mer-i-cal value fo
r an in-te-gral, $\OML/cmm/m/it/12  \OT1/cmr/m/n/12 := [][] \OML/cmm/m/it/12 g
\OT1/cmr/m/n/12 ([]) [][]$,
 []

[1


] [2] [3]
Overfull \hbox (7.53108pt too wide) in paragraph at lines 333--334
\OT1/cmr/m/n/12 Suppose that the in-te-grand, $\OML/cmm/m/it/12 f$\OT1/cmr/m/n/
12 , is drawn from a Gaus-sian pro-cess, i.e., $\OML/cmm/m/it/12 f \OMS/cmsy/m/
n/12  []\OT1/cmr/m/n/12 (\OML/cmm/m/it/12 m; s[]C[]\OT1/cmr/m/n/12 )$.
 []

[4

] [5] [6] [7] [8] [9] [10] [11] [12] [13]
Overfull \hbox (52.40404pt too wide) in paragraph at lines 701--703
\OT1/cmr/m/n/12 where $$ is the cu-mu-la-tive stan-dard nor-mal dis-tri-bu-tio
n func-tion. Then, $\OML/cmm/m/it/12  \OT1/cmr/m/n/12 = [][] \OML/cmm/m/it/12 
f[]\OT1/cmr/m/n/12 ([]) [][]$. 
 []

<./figures/GenzFunc_varTx_none.png, id=84, 421.575pt x 316.0608pt>
File: ./figures/GenzFunc_varTx_none.png Graphic file (type png)
<use ./figures/GenzFunc_varTx_none.png>
Package pdftex.def Info: ./figures/GenzFunc_varTx_none.png  used on input line 
711.
(pdftex.def)             Requested size: 228.95058pt x 171.64929pt.

Overfull \hbox (20.81483pt too wide) in paragraph at lines 711--712
[][] 
 []

<./figures/MVN_guaranteed_time_Matern_d2_2018-Aug-31.png, id=85, 650.43pt x 433
.62pt>
File: ./figures/MVN_guaranteed_time_Matern_d2_2018-Aug-31.png Graphic file (typ
e png)
<use ./figures/MVN_guaranteed_time_Matern_d2_2018-Aug-31.png>
Package pdftex.def Info: ./figures/MVN_guaranteed_time_Matern_d2_2018-Aug-31.pn
g  used on input line 734.
(pdftex.def)             Requested size: 381.58914pt x 254.3978pt.

Overfull \hbox (34.69183pt too wide) in paragraph at lines 734--735
[][] 
 []

<./figures/MVN_rapid_n_vs_time_Matern_d2_2018-Aug-31.png, id=86, 650.43pt x 433
.62pt>
File: ./figures/MVN_rapid_n_vs_time_Matern_d2_2018-Aug-31.png Graphic file (typ
e png)
<use ./figures/MVN_rapid_n_vs_time_Matern_d2_2018-Aug-31.png>
Package pdftex.def Info: ./figures/MVN_rapid_n_vs_time_Matern_d2_2018-Aug-31.pn
g  used on input line 738.
(pdftex.def)             Requested size: 381.58914pt x 254.3978pt.

Overfull \hbox (34.69183pt too wide) in paragraph at lines 738--739
[][] 
 []

[14 <./figures/GenzFunc_varTx_none.png (PNG copy)>] [15 <./figures/MVN_guarante
ed_time_Matern_d2_2018-Aug-31.png (PNG copy)> <./figures/MVN_rapid_n_vs_time_Ma
tern_d2_2018-Aug-31.png (PNG copy)>] [16] [17

] [18] [19] [20] [21]
Package epstopdf Info: Source file: <./figures/ShiftedLatticePoints.eps>
(epstopdf)                    date: 2017-12-24 22:58:27
(epstopdf)                    size: 75110 bytes
(epstopdf)             Output file: <./figures/ShiftedLatticePoints-eps-convert
ed-to.pdf>
(epstopdf)                    date: 2018-09-15 09:20:53
(epstopdf)                    size: 30748 bytes
(epstopdf)             Command: <epstopdf --outfile=./figures/ShiftedLatticePoi
nts-eps-converted-to.pdf ./figures/ShiftedLatticePoints.eps>
(epstopdf)             \includegraphics on input line 989.
Package epstopdf Info: Output file is already uptodate.
<./figures/ShiftedLatticePoints-eps-converted-to.pdf, id=113, 393.47pt x 412.54
124pt>
File: ./figures/ShiftedLatticePoints-eps-converted-to.pdf Graphic file (type pd
f)
<use ./figures/ShiftedLatticePoints-eps-converted-to.pdf>
Package pdftex.def Info: ./figures/ShiftedLatticePoints-eps-converted-to.pdf  u
sed on input line 989.
(pdftex.def)             Requested size: 135.68724pt x 142.26378pt.
 [22

]
<"figures/fourier_kernel dim_1".png, id=117, 469.755pt x 397.485pt>
File: "figures/fourier_kernel dim_1".png Graphic file (type png)
<use "figures/fourier_kernel dim_1".png>
Package pdftex.def Info: "figures/fourier_kernel dim_1".png  used on input line
 1014.
(pdftex.def)             Requested size: 390.25534pt x 330.21571pt.

[23 <./figures/ShiftedLatticePoints-eps-converted-to.pdf>] [24 <./figures/fouri
er_kernel dim_1.png (PNG copy)>] [25] [26] [27] [28] [29]
Overfull \hbox (49.79874pt too wide) in paragraph at lines 1210--1211
\OT1/cmr/m/n/12 LAB as part of the Guar-an-teed Adap-tive In-te-gra-tion Li-bra
ry (GAIL) [[]] as \OT1/cmtt/m/n/12 cubBayesLattice[]g\OT1/cmr/m/n/12 .
 []

[30] [31

] [32


] [33] [34

]
<./figures/"MVN_guaranteed_time_MLE_C2sin_d2_r2_2018-Sep-6".png, id=159, 650.43
pt x 433.62pt>
File: ./figures/"MVN_guaranteed_time_MLE_C2sin_d2_r2_2018-Sep-6".png Graphic fi
le (type png)
<use ./figures/"MVN_guaranteed_time_MLE_C2sin_d2_r2_2018-Sep-6".png>
Package pdftex.def Info: ./figures/"MVN_guaranteed_time_MLE_C2sin_d2_r2_2018-Se
p-6".png  used on input line 1284.
(pdftex.def)             Requested size: 411.93767pt x 274.63106pt.
<./figures/"MVN_guaranteed_time_full_C2sin_d2_r2_2018-Sep-6".png, id=160, 650.4
3pt x 433.62pt>
File: ./figures/"MVN_guaranteed_time_full_C2sin_d2_r2_2018-Sep-6".png Graphic f
ile (type png)
<use ./figures/"MVN_guaranteed_time_full_C2sin_d2_r2_2018-Sep-6".png>
Package pdftex.def Info: ./figures/"MVN_guaranteed_time_full_C2sin_d2_r2_2018-S
ep-6".png  used on input line 1290.
(pdftex.def)             Requested size: 411.93767pt x 274.63106pt.
<./figures/"MVN_guaranteed_time_GCV_C2sin_d2_r2_2018-Sep-6".png, id=161, 650.43
pt x 433.62pt>
File: ./figures/"MVN_guaranteed_time_GCV_C2sin_d2_r2_2018-Sep-6".png Graphic fi
le (type png)
<use ./figures/"MVN_guaranteed_time_GCV_C2sin_d2_r2_2018-Sep-6".png>
Package pdftex.def Info: ./figures/"MVN_guaranteed_time_GCV_C2sin_d2_r2_2018-Se
p-6".png  used on input line 1296.
(pdftex.def)             Requested size: 411.93767pt x 274.63106pt.
 [35 <./figures/MVN_guaranteed_time_MLE_C2sin_d2_r2_2018-Sep-6.png (PNG copy)>]
 [36 <./figures/MVN_guaranteed_time_full_C2sin_d2_r2_2018-Sep-6.png (PNG copy)>
] [37 <./figures/MVN_guaranteed_time_GCV_C2sin_d2_r2_2018-Sep-6.png (PNG copy)>
]
<./figures/"Keister_guaranteed_time_MLE_C1sin_d4_r2_2018-Sep-6".png, id=172, 65
0.43pt x 433.62pt>
File: ./figures/"Keister_guaranteed_time_MLE_C1sin_d4_r2_2018-Sep-6".png Graphi
c file (type png)
<use ./figures/"Keister_guaranteed_time_MLE_C1sin_d4_r2_2018-Sep-6".png>
Package pdftex.def Info: ./figures/"Keister_guaranteed_time_MLE_C1sin_d4_r2_201
8-Sep-6".png  used on input line 1349.
(pdftex.def)             Requested size: 411.93767pt x 274.63106pt.
<./figures/"Keister_guaranteed_time_full_C1sin_d4_r2_2018-Sep-6".png, id=173, 6
50.43pt x 433.62pt>
File: ./figures/"Keister_guaranteed_time_full_C1sin_d4_r2_2018-Sep-6".png Graph
ic file (type png)
<use ./figures/"Keister_guaranteed_time_full_C1sin_d4_r2_2018-Sep-6".png>
Package pdftex.def Info: ./figures/"Keister_guaranteed_time_full_C1sin_d4_r2_20
18-Sep-6".png  used on input line 1355.
(pdftex.def)             Requested size: 411.93767pt x 274.63106pt.
<./figures/"Keister_guaranteed_time_GCV_C1sin_d4_r2_2018-Sep-6".png, id=174, 65
0.43pt x 433.62pt>
File: ./figures/"Keister_guaranteed_time_GCV_C1sin_d4_r2_2018-Sep-6".png Graphi
c file (type png)
<use ./figures/"Keister_guaranteed_time_GCV_C1sin_d4_r2_2018-Sep-6".png>
Package pdftex.def Info: ./figures/"Keister_guaranteed_time_GCV_C1sin_d4_r2_201
8-Sep-6".png  used on input line 1361.
(pdftex.def)             Requested size: 411.93767pt x 274.63106pt.
 [38] [39 <./figures/Keister_guaranteed_time_MLE_C1sin_d4_r2_2018-Sep-6.png (PN
G copy)> <./figures/Keister_guaranteed_time_full_C1sin_d4_r2_2018-Sep-6.png (PN
G copy)>] [40 <./figures/Keister_guaranteed_time_GCV_C1sin_d4_r2_2018-Sep-6.png
 (PNG copy)>]
<./figures/"optPrice_guaranteed_time_MLE_Baker_d12_r1_2018-Sep-6".png, id=184, 
650.43pt x 433.62pt>
File: ./figures/"optPrice_guaranteed_time_MLE_Baker_d12_r1_2018-Sep-6".png Grap
hic file (type png)
<use ./figures/"optPrice_guaranteed_time_MLE_Baker_d12_r1_2018-Sep-6".png>
Package pdftex.def Info: ./figures/"optPrice_guaranteed_time_MLE_Baker_d12_r1_2
018-Sep-6".png  used on input line 1400.
(pdftex.def)             Requested size: 411.93767pt x 274.63106pt.
<./figures/"optPrice_guaranteed_time_full_Baker_d12_r1_2018-Sep-6".png, id=185,
 650.43pt x 433.62pt>
File: ./figures/"optPrice_guaranteed_time_full_Baker_d12_r1_2018-Sep-6".png Gra
phic file (type png)
<use ./figures/"optPrice_guaranteed_time_full_Baker_d12_r1_2018-Sep-6".png>
Package pdftex.def Info: ./figures/"optPrice_guaranteed_time_full_Baker_d12_r1_
2018-Sep-6".png  used on input line 1406.
(pdftex.def)             Requested size: 411.93767pt x 274.63106pt.
<./figures/"optPrice_guaranteed_time_GCV_Baker_d12_r1_2018-Sep-6".png, id=186, 
650.43pt x 433.62pt>
File: ./figures/"optPrice_guaranteed_time_GCV_Baker_d12_r1_2018-Sep-6".png Grap
hic file (type png)
<use ./figures/"optPrice_guaranteed_time_GCV_Baker_d12_r1_2018-Sep-6".png>
Package pdftex.def Info: ./figures/"optPrice_guaranteed_time_GCV_Baker_d12_r1_2
018-Sep-6".png  used on input line 1412.
(pdftex.def)             Requested size: 411.93767pt x 274.63106pt.
 [41 <./figures/optPrice_guaranteed_time_MLE_Baker_d12_r1_2018-Sep-6.png (PNG c
opy)>] [42 <./figures/optPrice_guaranteed_time_full_Baker_d12_r1_2018-Sep-6.png
 (PNG copy)> <./figures/optPrice_guaranteed_time_GCV_Baker_d12_r1_2018-Sep-6.pn
g (PNG copy)>]

LaTeX Warning: Reference `fig:mvn-normplot' on page 43 undefined on input line 
1447.


LaTeX Warning: Reference `fig:keister-normplot' on page 43 undefined on input l
ine 1447.

[43]
Overfull \hbox (1.97073pt too wide) in paragraph at lines 1482--1484
\OT1/cmr/m/n/12 for some choice of $\OML/cmm/m/it/12 g[]; [] ; g[]$ \OT1/cmr/m/
n/12 whose in-te-grals are known, and some pa-ram-e-ters $\OML/cmm/m/it/12 [];
 [] ; []$
 []

[44

] [45] (finalThesis2018.bbl [46


]
Underfull \hbox (badness 1331) in paragraph at lines 121--125
\OT1/cmr/m/it/12 ing\OT1/cmr/m/n/12 .  MIT Press, Cam-bridge, Mas-sachusetts, 2
006.  (on-line ver-sion at
 []

) [47] (finalThesis2018.aux)

LaTeX Warning: There were undefined references.

 ) 
Here is how much of TeX's memory you used:
 6822 strings out of 493312
 106313 string characters out of 3129826
 177376 words of memory out of 3000000
 10214 multiletter control sequences out of 15000+200000
 15681 words of font info for 57 fonts, out of 3000000 for 9000
 1141 hyphenation exceptions out of 8191
 42i,19n,40p,898b,409s stack positions out of 5000i,500n,10000p,200000b,50000s
<C:/Users/jagad/AppData/Local/Programs/MiKTeX 2.9/fonts/type1/public/amsfonts
/cm/cmbx12.pfb><C:/Users/jagad/AppData/Local/Programs/MiKTeX 2.9/fonts/type1/pu
blic/amsfonts/cm/cmex10.pfb><C:/Users/jagad/AppData/Local/Programs/MiKTeX 2.9/f
onts/type1/public/amsfonts/cm/cmmi12.pfb><C:/Users/jagad/AppData/Local/Programs
/MiKTeX 2.9/fonts/type1/public/amsfonts/cm/cmmi6.pfb><C:/Users/jagad/AppData/Lo
cal/Programs/MiKTeX 2.9/fonts/type1/public/amsfonts/cm/cmmi8.pfb><C:/Users/jaga
d/AppData/Local/Programs/MiKTeX 2.9/fonts/type1/public/amsfonts/cm/cmmib10.pfb>
<C:/Users/jagad/AppData/Local/Programs/MiKTeX 2.9/fonts/type1/public/amsfonts/c
m/cmr10.pfb><C:/Users/jagad/AppData/Local/Programs/MiKTeX 2.9/fonts/type1/publi
c/amsfonts/cm/cmr12.pfb><C:/Users/jagad/AppData/Local/Programs/MiKTeX 2.9/fonts
/type1/public/amsfonts/cm/cmr6.pfb><C:/Users/jagad/AppData/Local/Programs/MiKTe
X 2.9/fonts/type1/public/amsfonts/cm/cmr8.pfb><C:/Users/jagad/AppData/Local/Pro
grams/MiKTeX 2.9/fonts/type1/public/amsfonts/cm/cmss12.pfb><C:/Users/jagad/AppD
ata/Local/Programs/MiKTeX 2.9/fonts/type1/public/amsfonts/cm/cmss8.pfb><C:/User
s/jagad/AppData/Local/Programs/MiKTeX 2.9/fonts/type1/public/amsfonts/cm/cmsy10
.pfb><C:/Users/jagad/AppData/Local/Programs/MiKTeX 2.9/fonts/type1/public/amsfo
nts/cm/cmsy6.pfb><C:/Users/jagad/AppData/Local/Programs/MiKTeX 2.9/fonts/type1/
public/amsfonts/cm/cmsy8.pfb><C:/Users/jagad/AppData/Local/Programs/MiKTeX 2.9/
fonts/type1/public/amsfonts/cm/cmti12.pfb><C:/Users/jagad/AppData/Local/Program
s/MiKTeX 2.9/fonts/type1/public/amsfonts/cm/cmtt12.pfb><C:/Users/jagad/AppData/
Local/Programs/MiKTeX 2.9/fonts/type1/public/amsfonts/symbols/msbm10.pfb>
Output written on finalThesis2018.pdf (55 pages, 1039915 bytes).
PDF statistics:
 268 PDF objects out of 1000 (max. 8388607)
 0 named destinations out of 1000 (max. 500000)
 71 words of extra memory for PDF output out of 10000 (max. 10000000)

